WARNING:root:Process Finished >/home/casey/eMammal/China Project Legacy/working/output/L-WL16-J18A
WARNING:root:Process Finished >/home/casey/eMammal/China Project Legacy/working/output/L-WL16-J18B
WARNING:root:Process Finished >/home/casey/eMammal/China Project Legacy/working/output/L-WL16-J19A
WARNING:root:Process Finished >/home/casey/eMammal/China Project Legacy/working/output/L-WL16-K05A
WARNING:root:Process Finished >/home/casey/eMammal/China Project Legacy/working/output/L-WL16-K06A
WARNING:root:Process Finished >/home/casey/eMammal/China Project Legacy/working/output/L-WL16-K08A
WARNING:root:Process Finished >/home/casey/eMammal/China Project Legacy/working/output/L-WL16-K15A
WARNING:root:Process Finished >/home/casey/eMammal/China Project Legacy/working/output/L-WL16-K18A
WARNING:root:Process Finished >/home/casey/eMammal/China Project Legacy/working/output/L-WL16-K21A
WARNING:root:Process Finished >/home/casey/eMammal/China Project Legacy/working/output/L-WL16-L08A
WARNING:root:Process Finished >/home/casey/eMammal/China Project Legacy/working/output/L-WL16-L11A
WARNING:root:Process Finished >/home/casey/eMammal/China Project Legacy/working/output/L-WL16-L12A
WARNING:root:Process Finished >/home/casey/eMammal/China Project Legacy/working/output/L-WL16-L16A
WARNING:root:Process Finished >/home/casey/eMammal/China Project Legacy/working/output/L-WL16-L19A
WARNING:root:Process Finished >/home/casey/eMammal/China Project Legacy/working/output/L-WL16-L20A
WARNING:root:Process Finished >/home/casey/eMammal/China Project Legacy/working/output/L-WL16-M06A
WARNING:root:Process Finished >/home/casey/eMammal/China Project Legacy/working/output/L-WL16-M10A
WARNING:root:Process Finished >/home/casey/eMammal/China Project Legacy/working/output/L-WL16-M16A
ERROR:root:No CSV file found in /home/casey/eMammal/China Project Legacy/working/output
ERROR:root:No CSV file found in /home/casey/eMammal/China Project Legacy/working/output
WARNING:root:Process Finished >/home/casey/eMammal/China Project Legacy/working/output/L-WL14-N08A
WARNING:root:Process Finished >/home/casey/eMammal/China Project Legacy/working/output/L-WL14-R11A
WARNING:root:Process Finished >/home/casey/eMammal/China Project Legacy/working/output/L-WL15-D15A
WARNING:root:Process Finished >/home/casey/eMammal/China Project Legacy/working/output/L-WL15-E09A
WARNING:root:Process Finished >/home/casey/eMammal/China Project Legacy/working/output/L-WL15-E10A
WARNING:root:Process Finished >/home/casey/eMammal/China Project Legacy/working/output/L-WL15-E11A
WARNING:root:Process Finished >/home/casey/eMammal/China Project Legacy/working/output/L-WL15-E13A
WARNING:root:Process Finished >/home/casey/eMammal/China Project Legacy/working/output/L-WL15-E13B
WARNING:root:Process Finished >/home/casey/eMammal/China Project Legacy/working/output/L-WL15-E14A
WARNING:root:Process Finished >/home/casey/eMammal/China Project Legacy/working/output/L-WL15-F06A
WARNING:root:Process Finished >/home/casey/eMammal/China Project Legacy/working/output/L-WL15-F06B
WARNING:root:Process Finished >/home/casey/eMammal/China Project Legacy/working/output/L-WL15-F07A
WARNING:root:Process Finished >/home/casey/eMammal/China Project Legacy/working/output/L-WL15-F09A
WARNING:root:Process Finished >/home/casey/eMammal/China Project Legacy/working/output/L-WL15-F09B
WARNING:root:Process Finished >/home/casey/eMammal/China Project Legacy/working/output/L-WL15-F10A
WARNING:root:Process Finished >/home/casey/eMammal/China Project Legacy/working/output/L-WL15-G06A
WARNING:root:Process Finished >/home/casey/eMammal/China Project Legacy/working/output/L-WL15-G06B
WARNING:root:Process Finished >/home/casey/eMammal/China Project Legacy/working/output/L-WL15-G08A
WARNING:root:Process Finished >/home/casey/eMammal/China Project Legacy/working/output/L-WL15-G08B
WARNING:root:Process Finished >/home/casey/eMammal/China Project Legacy/working/output/L-WL15-J02B
WARNING:root:Process Finished >/home/casey/eMammal/China Project Legacy/working/output/L-WL15-J05A
WARNING:root:Process Finished >/home/casey/eMammal/China Project Legacy/working/output/L-WL15-J06A
WARNING:root:Process Finished >/home/casey/eMammal/China Project Legacy/working/output/L-WL15-J19A
WARNING:root:Process Finished >/home/casey/eMammal/China Project Legacy/working/output/L-WL15-K07A
WARNING:root:Process Finished >/home/casey/eMammal/China Project Legacy/working/output/L-WL15-K18A
WARNING:root:Process Finished >/home/casey/eMammal/China Project Legacy/working/output/L-WL15-K19A
WARNING:root:Process Finished >/home/casey/eMammal/China Project Legacy/working/output/L-WL15-K20A
WARNING:root:Process Finished >/home/casey/eMammal/China Project Legacy/working/output/L-WL15-L07A
WARNING:root:Process Finished >/home/casey/eMammal/China Project Legacy/working/output/L-WL15-L08A
WARNING:root:Process Finished >/home/casey/eMammal/China Project Legacy/working/output/L-WL15-L10A
WARNING:root:Process Finished >/home/casey/eMammal/China Project Legacy/working/output/L-WL15-L13A
WARNING:root:Process Finished >/home/casey/eMammal/China Project Legacy/working/output/L-WL15-L14A
WARNING:root:Process Finished >/home/casey/eMammal/China Project Legacy/working/output/L-WL15-M08A
WARNING:root:Process Finished >/home/casey/eMammal/China Project Legacy/working/output/L-WL15-M08B
WARNING:root:Process Finished >/home/casey/eMammal/China Project Legacy/working/output/L-WL15-M09A
WARNING:root:Process Finished >/home/casey/eMammal/China Project Legacy/working/output/L-WL15-N06A
WARNING:root:Process Finished >/home/casey/eMammal/China Project Legacy/working/output/L-WL15-N08A
WARNING:root:Process Finished >/home/casey/eMammal/China Project Legacy/working/output/L-WL15-N10A
WARNING:root:Process Finished >/home/casey/eMammal/China Project Legacy/working/output/L-WL15-N10B
WARNING:root:Process Finished >/home/casey/eMammal/China Project Legacy/working/output/L-WL15-O08B
WARNING:root:Process Finished >/home/casey/eMammal/China Project Legacy/working/output/L-WL15-O09A
WARNING:root:Process Finished >/home/casey/eMammal/China Project Legacy/working/output/L-WL15-O20A
WARNING:root:Process Finished >/home/casey/eMammal/China Project Legacy/working/output/L-WL15-P08A
WARNING:root:Process Finished >/home/casey/eMammal/China Project Legacy/working/output/L-WL15-P14A
WARNING:root:Process Finished >/home/casey/eMammal/China Project Legacy/working/output/L-WL15-P17A
WARNING:root:Process Finished >/home/casey/eMammal/China Project Legacy/working/output/L-WL15-P19A
WARNING:root:Process Finished >/home/casey/eMammal/China Project Legacy/working/output/L-WL15-P20A
WARNING:root:Process Finished >/home/casey/eMammal/China Project Legacy/working/output/L-WL15-Q08A
WARNING:root:Process Finished >/home/casey/eMammal/China Project Legacy/working/output/L-WL15-Q14A
WARNING:root:Process Finished >/home/casey/eMammal/China Project Legacy/working/output/L-WL15-Q14B
WARNING:root:Process Finished >/home/casey/eMammal/China Project Legacy/working/output/L-WL15-Q15A
WARNING:root:Process Finished >/home/casey/eMammal/China Project Legacy/working/output/L-WL15-Q17A
WARNING:root:Process Finished >/home/casey/eMammal/China Project Legacy/working/output/L-WL15-Q18A
WARNING:root:Process Finished >/home/casey/eMammal/China Project Legacy/working/output/L-WL15-R11A
WARNING:root:Process Finished >/home/casey/eMammal/China Project Legacy/working/output/L-WL15-R14A
WARNING:root:Process Finished >/home/casey/eMammal/China Project Legacy/working/output/L-WL15-R15A
WARNING:root:Process Finished >/home/casey/eMammal/China Project Legacy/working/output/L-WL15-R16A
WARNING:root:Process Finished >/home/casey/eMammal/China Project Legacy/working/output/L-WL15-R17A
WARNING:root:Process Finished >/home/casey/eMammal/China Project Legacy/working/output/L-WL15-R17B
WARNING:root:Process Finished >/home/casey/eMammal/China Project Legacy/working/output/L-WL15-S11A
WARNING:root:Process Finished >/home/casey/eMammal/China Project Legacy/working/output/L-WL15-S13A
WARNING:root:Process Finished >/home/casey/eMammal/China Project Legacy/working/output/L-WL15-S13B
WARNING:root:Process Finished >/home/casey/eMammal/China Project Legacy/working/output/L-WL15-S14A
WARNING:root:Process Finished >/home/casey/eMammal/China Project Legacy/working/output/L-WL15-S14B
WARNING:root:Process Finished >/home/casey/eMammal/China Project Legacy/working/output/L-WL15-S15A
WARNING:root:Process Finished >/home/casey/eMammal/China Project Legacy/working/output/L-WL15-S16A
WARNING:root:Process Finished >/home/casey/eMammal/China Project Legacy/working/output/L-WL15-T11B
WARNING:root:Process Finished >/home/casey/eMammal/China Project Legacy/working/output/L-WL15-T11C
WARNING:root:Process Finished >/home/casey/eMammal/China Project Legacy/working/output/L-WL15-T12A
WARNING:root:Process Finished >/home/casey/eMammal/China Project Legacy/working/output/L-WL15-T15A
WARNING:root:Process Finished >/home/casey/eMammal/China Project Legacy/working/output/L-WL15-T16A
WARNING:root:Process Finished >/home/casey/eMammal/China Project Legacy/working/output/L-WL15-U12A
WARNING:root:Process Finished >/home/casey/eMammal/China Project Legacy/working/output/L-WL15-V14A
WARNING:root:Process Finished >/home/casey/eMammal/China Project Legacy/working/output/L-WL15-V15A
WARNING:root:Process Finished >/home/casey/eMammal/China Project Legacy/working/output/L-WL15-W15A
WARNING:root:Process Finished >/home/casey/eMammal/China Project Legacy/working/output/L-WL15-W15B
WARNING:root:Process Finished >/home/casey/eMammal/China Project Legacy/working/output/L-WL16-B15A
WARNING:root:Process Finished >/home/casey/eMammal/China Project Legacy/working/output/L-WL16-C23B
WARNING:root:Process Finished >/home/casey/eMammal/China Project Legacy/working/output/L-WL16-D16A
WARNING:root:Process Finished >/home/casey/eMammal/China Project Legacy/working/output/L-WL16-D22A
WARNING:root:Process Finished >/home/casey/eMammal/China Project Legacy/working/output/L-WL16-D23A
WARNING:root:Process Finished >/home/casey/eMammal/China Project Legacy/working/output/L-WL16-E04A
WARNING:root:Process Finished >/home/casey/eMammal/China Project Legacy/working/output/L-WL16-E12A
WARNING:root:Process Finished >/home/casey/eMammal/China Project Legacy/working/output/L-WL16-F01A
WARNING:root:Process Finished >/home/casey/eMammal/China Project Legacy/working/output/L-WL16-F03A
WARNING:root:Process Finished >/home/casey/eMammal/China Project Legacy/working/output/L-WL16-F05A
WARNING:root:Process Finished >/home/casey/eMammal/China Project Legacy/working/output/L-WL16-F08A
WARNING:root:Process Finished >/home/casey/eMammal/China Project Legacy/working/output/L-WL16-F20A
WARNING:root:Process Finished >/home/casey/eMammal/China Project Legacy/working/output/L-WL16-F21A
WARNING:root:Process Finished >/home/casey/eMammal/China Project Legacy/working/output/L-WL16-F22A
WARNING:root:Process Finished >/home/casey/eMammal/China Project Legacy/working/output/L-WL16-F22B
WARNING:root:Process Finished >/home/casey/eMammal/China Project Legacy/working/output/L-WL16-F23A
WARNING:root:Process Finished >/home/casey/eMammal/China Project Legacy/working/output/L-WL16-F24A
WARNING:root:Process Finished >/home/casey/eMammal/China Project Legacy/working/output/L-WL16-F25A
WARNING:root:Process Finished >/home/casey/eMammal/China Project Legacy/working/output/L-WL16-G07A
WARNING:root:Process Finished >/home/casey/eMammal/China Project Legacy/working/output/L-WL16-G16A
WARNING:root:Process Finished >/home/casey/eMammal/China Project Legacy/working/output/L-WL16-G20A
WARNING:root:Process Finished >/home/casey/eMammal/China Project Legacy/working/output/L-WL16-G21B
WARNING:root:Process Finished >/home/casey/eMammal/China Project Legacy/working/output/L-WL16-G25A
WARNING:root:Process Finished >/home/casey/eMammal/China Project Legacy/working/output/L-WL16-G25B
WARNING:root:Process Finished >/home/casey/eMammal/China Project Legacy/working/output/L-WL16-H03A
WARNING:root:Process Finished >/home/casey/eMammal/China Project Legacy/working/output/L-WL16-H04A
WARNING:root:Process Finished >/home/casey/eMammal/China Project Legacy/working/output/L-WL16-H23A
WARNING:root:Process Finished >/home/casey/eMammal/China Project Legacy/working/output/L-WL16-H23B
WARNING:root:Process Finished >/home/casey/eMammal/China Project Legacy/working/output/L-WL16-H24A
WARNING:root:Process Finished >/home/casey/eMammal/China Project Legacy/working/output/L-WL16-I03A
WARNING:root:Process Finished >/home/casey/eMammal/China Project Legacy/working/output/L-WL16-I07A
WARNING:root:Process Finished >/home/casey/eMammal/China Project Legacy/working/output/L-WL16-J04A
WARNING:root:Process Finished >/home/casey/eMammal/China Project Legacy/working/output/L-WL16-J05A
WARNING:root:Process Finished >/home/casey/eMammal/China Project Legacy/working/output/L-WL16-J07A
WARNING:root:Process Finished >/home/casey/eMammal/China Project Legacy/working/output/L-WL16-J08A
WARNING:root:Process Finished >/home/casey/eMammal/China Project Legacy/working/output/L-WL16-J13A
WARNING:root:Process Finished >/home/casey/eMammal/China Project Legacy/working/output/L-WL16-J17A
